# JRE version: Java(TM) SE Runtime Environment (17.0.12+8) (build 17.0.12+8-LTS-286)
# Java VM: Java HotSpot(TM) 64-Bit Server VM (17.0.12+8-LTS-286, mixed mode, sharing, tiered, compressed oops, compressed class ptrs, g1 gc, windows-amd64)
GC Precious Log:
 CPUs: 4 total, 4 available
 Memory: 16263M
 Large Page Support: Disabled
 NUMA Support: Disabled
 Compressed Oops: Enabled (32-bit)
 Heap Region Size: 1M
 Heap Min Capacity: 8M
 Heap Initial Capacity: 256M
 Heap Max Capacity: 2G
 Pre-touch: Disabled
 Parallel Workers: 4
 Concurrent Workers: 1
 Concurrent Refinement Workers: 4
 Periodic GC: Disabled
Heap:
 garbage-first heap   total 86016K, used 41871K [0x0000000080000000, 0x0000000100000000)
  region size 1024K, 14 young (14336K), 3 survivors (3072K)
 Metaspace       used 37034K, committed 37632K, reserved 491520K
  class space    used 5252K, committed 5504K, reserved 425984K
GC Heap History (18 events):
Event: 1.811 GC heap before
{Heap before GC invocations=0 (full 0):
 garbage-first heap   total 262144K, used 13312K [0x0000000080000000, 0x0000000100000000)
  region size 1024K, 13 young (13312K), 0 survivors (0K)
 Metaspace       used 762K, committed 896K, reserved 491520K
  class space    used 59K, committed 128K, reserved 425984K
}
Event: 1.905 GC heap after
{Heap after GC invocations=1 (full 0):
 garbage-first heap   total 262144K, used 1224K [0x0000000080000000, 0x0000000100000000)
  region size 1024K, 2 young (2048K), 2 survivors (2048K)
 Metaspace       used 762K, committed 896K, reserved 491520K
  class space    used 59K, committed 128K, reserved 425984K
}
Event: 3.896 GC heap before
{Heap before GC invocations=1 (full 0):
 garbage-first heap   total 262144K, used 23752K [0x0000000080000000, 0x0000000100000000)
  region size 1024K, 21 young (21504K), 2 survivors (2048K)
 Metaspace       used 1667K, committed 1792K, reserved 491520K
  class space    used 147K, committed 256K, reserved 425984K
}
Event: 3.905 GC heap after
{Heap after GC invocations=2 (full 0):
 garbage-first heap   total 262144K, used 10478K [0x0000000080000000, 0x0000000100000000)
  region size 1024K, 3 young (3072K), 3 survivors (3072K)
 Metaspace       used 1667K, committed 1792K, reserved 491520K
  class space    used 147K, committed 256K, reserved 425984K
}
Event: 12.098 GC heap before
{Heap before GC invocations=2 (full 0):
 garbage-first heap   total 262144K, used 167150K [0x0000000080000000, 0x0000000100000000)
  region size 1024K, 153 young (156672K), 3 survivors (3072K)
 Metaspace       used 18097K, committed 18432K, reserved 491520K
  class space    used 2416K, committed 2560K, reserved 425984K
}
Event: 12.129 GC heap after
{Heap after GC invocations=3 (full 0):
 garbage-first heap   total 262144K, used 22356K [0x0000000080000000, 0x0000000100000000)
  region size 1024K, 14 young (14336K), 14 survivors (14336K)
 Metaspace       used 18097K, committed 18432K, reserved 491520K
  class space    used 2416K, committed 2560K, reserved 425984K
}
Event: 13.711 GC heap before
{Heap before GC invocations=3 (full 0):
 garbage-first heap   total 262144K, used 46932K [0x0000000080000000, 0x0000000100000000)
  region size 1024K, 39 young (39936K), 14 survivors (14336K)
 Metaspace       used 21220K, committed 21504K, reserved 491520K
  class space    used 2924K, committed 3072K, reserved 425984K
}
Event: 13.743 GC heap after
{Heap after GC invocations=4 (full 0):
 garbage-first heap   total 262144K, used 24321K [0x0000000080000000, 0x0000000100000000)
  region size 1024K, 2 young (2048K), 2 survivors (2048K)
 Metaspace       used 21220K, committed 21504K, reserved 491520K
  class space    used 2924K, committed 3072K, reserved 425984K
}
Event: 19.069 GC heap before
{Heap before GC invocations=5 (full 0):
 garbage-first heap   total 86016K, used 73473K [0x0000000080000000, 0x0000000100000000)
  region size 1024K, 50 young (51200K), 2 survivors (2048K)
 Metaspace       used 27158K, committed 27456K, reserved 491520K
  class space    used 3835K, committed 3968K, reserved 425984K
}
Event: 19.081 GC heap after
{Heap after GC invocations=6 (full 0):
 garbage-first heap   total 86016K, used 25806K [0x0000000080000000, 0x0000000100000000)
  region size 1024K, 4 young (4096K), 4 survivors (4096K)
 Metaspace       used 27158K, committed 27456K, reserved 491520K
  class space    used 3835K, committed 3968K, reserved 425984K
}
Event: 19.137 GC heap before
{Heap before GC invocations=6 (full 0):
 garbage-first heap   total 86016K, used 26830K [0x0000000080000000, 0x0000000100000000)
  region size 1024K, 5 young (5120K), 4 survivors (4096K)
 Metaspace       used 27261K, committed 27584K, reserved 491520K
  class space    used 3850K, committed 3968K, reserved 425984K
}
Event: 19.147 GC heap after
{Heap after GC invocations=7 (full 0):
 garbage-first heap   total 86016K, used 26501K [0x0000000080000000, 0x0000000100000000)
  region size 1024K, 1 young (1024K), 1 survivors (1024K)
 Metaspace       used 27261K, committed 27584K, reserved 491520K
  class space    used 3850K, committed 3968K, reserved 425984K
}
Event: 21.618 GC heap before
{Heap before GC invocations=7 (full 0):
 garbage-first heap   total 86016K, used 65413K [0x0000000080000000, 0x0000000100000000)
  region size 1024K, 40 young (40960K), 1 survivors (1024K)
 Metaspace       used 33249K, committed 33728K, reserved 491520K
  class space    used 4638K, committed 4864K, reserved 425984K
}
Event: 21.627 GC heap after
{Heap after GC invocations=8 (full 0):
 garbage-first heap   total 86016K, used 29086K [0x0000000080000000, 0x0000000100000000)
  region size 1024K, 4 young (4096K), 4 survivors (4096K)
 Metaspace       used 33249K, committed 33728K, reserved 491520K
  class space    used 4638K, committed 4864K, reserved 425984K
}
Event: 22.841 GC heap before
{Heap before GC invocations=8 (full 0):
 garbage-first heap   total 86016K, used 49566K [0x0000000080000000, 0x0000000100000000)
  region size 1024K, 25 young (25600K), 4 survivors (4096K)
 Metaspace       used 35425K, committed 35968K, reserved 491520K
  class space    used 4986K, committed 5248K, reserved 425984K
}
Event: 22.854 GC heap after
{Heap after GC invocations=9 (full 0):
 garbage-first heap   total 86016K, used 31084K [0x0000000080000000, 0x0000000100000000)
  region size 1024K, 2 young (2048K), 2 survivors (2048K)
 Metaspace       used 35425K, committed 35968K, reserved 491520K
  class space    used 4986K, committed 5248K, reserved 425984K
}
Event: 23.823 GC heap before
{Heap before GC invocations=10 (full 0):
 garbage-first heap   total 86016K, used 66924K [0x0000000080000000, 0x0000000100000000)
  region size 1024K, 37 young (37888K), 2 survivors (2048K)
 Metaspace       used 36517K, committed 37120K, reserved 491520K
  class space    used 5165K, committed 5440K, reserved 425984K
}
Event: 23.831 GC heap after
{Heap after GC invocations=11 (full 0):
 garbage-first heap   total 86016K, used 31631K [0x0000000080000000, 0x0000000100000000)
  region size 1024K, 3 young (3072K), 3 survivors (3072K)
 Metaspace       used 36517K, committed 37120K, reserved 491520K
  class space    used 5165K, committed 5440K, reserved 425984K
}

