# JRE version: Java(TM) SE Runtime Environment (17.0.12+8) (build 17.0.12+8-LTS-286)
# Java VM: Java HotSpot(TM) 64-Bit Server VM (17.0.12+8-LTS-286, mixed mode, sharing, tiered, compressed oops, compressed class ptrs, g1 gc, windows-amd64)
GC Precious Log:
 CPUs: 4 total, 4 available
 Memory: 16263M
 Large Page Support: Disabled
 NUMA Support: Disabled
 Compressed Oops: Enabled (32-bit)
 Heap Region Size: 1M
 Heap Min Capacity: 8M
 Heap Initial Capacity: 256M
 Heap Max Capacity: 2G
 Pre-touch: Disabled
 Parallel Workers: 4
 Concurrent Workers: 1
 Concurrent Refinement Workers: 4
 Periodic GC: Disabled
Heap:
 garbage-first heap   total 86016K, used 46332K [0x0000000080000000, 0x0000000100000000)
  region size 1024K, 16 young (16384K), 5 survivors (5120K)
 Metaspace       used 48220K, committed 48896K, reserved 491520K
  class space    used 6807K, committed 7104K, reserved 425984K
GC Heap History (20 events):
Event: 11.607 GC heap before
{Heap before GC invocations=2 (full 0):
 garbage-first heap   total 262144K, used 166860K [0x0000000080000000, 0x0000000100000000)
  region size 1024K, 153 young (156672K), 3 survivors (3072K)
 Metaspace       used 18438K, committed 18752K, reserved 491520K
  class space    used 2465K, committed 2624K, reserved 425984K
}
Event: 11.633 GC heap after
{Heap after GC invocations=3 (full 0):
 garbage-first heap   total 262144K, used 22452K [0x0000000080000000, 0x0000000100000000)
  region size 1024K, 14 young (14336K), 14 survivors (14336K)
 Metaspace       used 18438K, committed 18752K, reserved 491520K
  class space    used 2465K, committed 2624K, reserved 425984K
}
Event: 12.824 GC heap before
{Heap before GC invocations=3 (full 0):
 garbage-first heap   total 262144K, used 43956K [0x0000000080000000, 0x0000000100000000)
  region size 1024K, 37 young (37888K), 14 survivors (14336K)
 Metaspace       used 21214K, committed 21504K, reserved 491520K
  class space    used 2921K, committed 3072K, reserved 425984K
}
Event: 12.850 GC heap after
{Heap after GC invocations=4 (full 0):
 garbage-first heap   total 262144K, used 24207K [0x0000000080000000, 0x0000000100000000)
  region size 1024K, 2 young (2048K), 2 survivors (2048K)
 Metaspace       used 21214K, committed 21504K, reserved 491520K
  class space    used 2921K, committed 3072K, reserved 425984K
}
Event: 15.488 GC heap before
{Heap before GC invocations=5 (full 0):
 garbage-first heap   total 86016K, used 73359K [0x0000000080000000, 0x0000000100000000)
  region size 1024K, 50 young (51200K), 2 survivors (2048K)
 Metaspace       used 27144K, committed 27456K, reserved 491520K
  class space    used 3831K, committed 3968K, reserved 425984K
}
Event: 15.498 GC heap after
{Heap after GC invocations=6 (full 0):
 garbage-first heap   total 86016K, used 25680K [0x0000000080000000, 0x0000000100000000)
  region size 1024K, 4 young (4096K), 4 survivors (4096K)
 Metaspace       used 27144K, committed 27456K, reserved 491520K
  class space    used 3831K, committed 3968K, reserved 425984K
}
Event: 15.539 GC heap before
{Heap before GC invocations=6 (full 0):
 garbage-first heap   total 86016K, used 26704K [0x0000000080000000, 0x0000000100000000)
  region size 1024K, 5 young (5120K), 4 survivors (4096K)
 Metaspace       used 27248K, committed 27648K, reserved 491520K
  class space    used 3846K, committed 4032K, reserved 425984K
}
Event: 15.549 GC heap after
{Heap after GC invocations=7 (full 0):
 garbage-first heap   total 86016K, used 26218K [0x0000000080000000, 0x0000000100000000)
  region size 1024K, 1 young (1024K), 1 survivors (1024K)
 Metaspace       used 27248K, committed 27648K, reserved 491520K
  class space    used 3846K, committed 4032K, reserved 425984K
}
Event: 17.690 GC heap before
{Heap before GC invocations=7 (full 0):
 garbage-first heap   total 86016K, used 66154K [0x0000000080000000, 0x0000000100000000)
  region size 1024K, 41 young (41984K), 1 survivors (1024K)
 Metaspace       used 33342K, committed 33792K, reserved 491520K
  class space    used 4651K, committed 4864K, reserved 425984K
}
Event: 17.700 GC heap after
{Heap after GC invocations=8 (full 0):
 garbage-first heap   total 86016K, used 28895K [0x0000000080000000, 0x0000000100000000)
  region size 1024K, 4 young (4096K), 4 survivors (4096K)
 Metaspace       used 33342K, committed 33792K, reserved 491520K
  class space    used 4651K, committed 4864K, reserved 425984K
}
Event: 18.797 GC heap before
{Heap before GC invocations=8 (full 0):
 garbage-first heap   total 86016K, used 48351K [0x0000000080000000, 0x0000000100000000)
  region size 1024K, 24 young (24576K), 4 survivors (4096K)
 Metaspace       used 35439K, committed 35968K, reserved 491520K
  class space    used 4995K, committed 5248K, reserved 425984K
}
Event: 18.812 GC heap after
{Heap after GC invocations=9 (full 0):
 garbage-first heap   total 86016K, used 30756K [0x0000000080000000, 0x0000000100000000)
  region size 1024K, 2 young (2048K), 2 survivors (2048K)
 Metaspace       used 35439K, committed 35968K, reserved 491520K
  class space    used 4995K, committed 5248K, reserved 425984K
}
Event: 19.738 GC heap before
{Heap before GC invocations=10 (full 0):
 garbage-first heap   total 86016K, used 66596K [0x0000000080000000, 0x0000000100000000)
  region size 1024K, 37 young (37888K), 2 survivors (2048K)
 Metaspace       used 36508K, committed 37056K, reserved 491520K
  class space    used 5168K, committed 5440K, reserved 425984K
}
Event: 19.744 GC heap after
{Heap after GC invocations=11 (full 0):
 garbage-first heap   total 86016K, used 31351K [0x0000000080000000, 0x0000000100000000)
  region size 1024K, 3 young (3072K), 3 survivors (3072K)
 Metaspace       used 36508K, committed 37056K, reserved 491520K
  class space    used 5168K, committed 5440K, reserved 425984K
}
Event: 19.749 GC heap before
{Heap before GC invocations=11 (full 0):
 garbage-first heap   total 86016K, used 32375K [0x0000000080000000, 0x0000000100000000)
  region size 1024K, 4 young (4096K), 3 survivors (3072K)
 Metaspace       used 36508K, committed 37056K, reserved 491520K
  class space    used 5168K, committed 5440K, reserved 425984K
}
Event: 19.757 GC heap after
{Heap after GC invocations=12 (full 0):
 garbage-first heap   total 86016K, used 31182K [0x0000000080000000, 0x0000000100000000)
  region size 1024K, 1 young (1024K), 1 survivors (1024K)
 Metaspace       used 36508K, committed 37056K, reserved 491520K
  class space    used 5168K, committed 5440K, reserved 425984K
}
Event: 21.429 GC heap before
{Heap before GC invocations=12 (full 0):
 garbage-first heap   total 86016K, used 67022K [0x0000000080000000, 0x0000000100000000)
  region size 1024K, 36 young (36864K), 1 survivors (1024K)
 Metaspace       used 39596K, committed 40256K, reserved 491520K
  class space    used 5665K, committed 5952K, reserved 425984K
}
Event: 21.435 GC heap after
{Heap after GC invocations=13 (full 0):
 garbage-first heap   total 86016K, used 32801K [0x0000000080000000, 0x0000000100000000)
  region size 1024K, 2 young (2048K), 2 survivors (2048K)
 Metaspace       used 39596K, committed 40256K, reserved 491520K
  class space    used 5665K, committed 5952K, reserved 425984K
}
Event: 23.899 GC heap before
{Heap before GC invocations=13 (full 0):
 garbage-first heap   total 86016K, used 68641K [0x0000000080000000, 0x0000000100000000)
  region size 1024K, 37 young (37888K), 2 survivors (2048K)
 Metaspace       used 47308K, committed 48000K, reserved 491520K
  class space    used 6642K, committed 6976K, reserved 425984K
}
Event: 23.909 GC heap after
{Heap after GC invocations=14 (full 0):
 garbage-first heap   total 86016K, used 36092K [0x0000000080000000, 0x0000000100000000)
  region size 1024K, 5 young (5120K), 5 survivors (5120K)
 Metaspace       used 47308K, committed 48000K, reserved 491520K
  class space    used 6642K, committed 6976K, reserved 425984K
}

